<?xml version="1.0" encoding="UTF-8"?>
<testsuite xmlns:xsi="http://www.w3.org/2001/XMLSchema-instance" xsi:noNamespaceSchemaLocation="https://maven.apache.org/surefire/maven-surefire-plugin/xsd/surefire-test-report-3.0.xsd" version="3.0" name="tests.DataExtractionTest" time="1.215" tests="1" errors="0" skipped="0" failures="0">
  <properties>
[...]
</properties>
  <testcase name="extractAndSaveProductDataTest" classname="tests.DataExtractionTest" time="1.213">
    <system-out><![CDATA[     --> Kinyerve: [1] Hummingbird Printed T-Shirt | €19.12
     --> Kinyerve: [2] Hummingbird Printed Sweater | €28.72
     --> Kinyerve: [3] The Best Is Yet To Come'... | €29.00
     --> Kinyerve: [4] The Adventure Begins Framed... | €29.00
     --> Kinyerve: [5] Today Is A Good Day Framed... | €29.00
     --> Kinyerve: [6] Mug The Best Is Yet To Come | €11.90
     --> Kinyerve: [7] Mug The Adventure Begins | €11.90
     --> Kinyerve: [8] Mug Today Is A Good Day | €11.90
     --> Kinyerve: [9] Hummingbird Printed Sweater | €28.72
     --> Kinyerve: [10] Hummingbird Printed T-Shirt | €19.12
     --> Kinyerve: [11] Hummingbird Printed T-Shirt | €19.12
     --> Kinyerve: [12] Hummingbird Printed Sweater | €28.72
     --> Kinyerve: [13] The Best Is Yet To Come'... | €29.00
     --> Kinyerve: [14] The Adventure Begins Framed... | €29.00
     --> Kinyerve: [15] Today Is A Good Day Framed... | €29.00
     --> Kinyerve: [16] Mountain Fox Cushion | €18.90
     --> Kinyerve: [17] Brown Bear Cushion | €18.90
     --> Kinyerve: [18] Hummingbird Cushion | €18.90
---> A TC-10 teszt sikeres! Az adatok mentve a projekt gyökerébe: PrestaShop_Termekek.csv

]]></system-out>
    <system-err><![CDATA[márc. 15, 2026 3:39:25 DU. org.openqa.selenium.devtools.CdpVersionFinder findNearestMatch
WARNING: Unable to find an exact match for CDP version 146, returning the closest version; found: 142; Please update to a Selenium version that supports CDP version 146
]]></system-err>
  </testcase>
</testsuite>